Analysis & Synthesis report for relogio
Wed Oct 03 13:02:30 2018
Quartus Prime Version 16.0.0 Build 211 04/27/2016 SJ Lite Edition


---------------------
; Table of Contents ;
---------------------
  1. Legal Notice
  2. Analysis & Synthesis Summary
  3. Analysis & Synthesis Settings
  4. Parallel Compilation
  5. Analysis & Synthesis Source Files Read
  6. Analysis & Synthesis Resource Usage Summary
  7. Analysis & Synthesis Resource Utilization by Entity
  8. State Machine - |diagrama_de_blocos_relogio|fsm_relogio:ROM|fstate
  9. General Register Statistics
 10. Multiplexer Restructuring Statistics (Restructuring Performed)
 11. Parameter Settings for User Entity Instance: divisorGenerico:inst8
 12. Post-Synthesis Netlist Statistics for Top Partition
 13. Elapsed Time Per Partition
 14. Analysis & Synthesis Messages



----------------
; Legal Notice ;
----------------
Copyright (C) 1991-2016 Altera Corporation. All rights reserved.
Your use of Altera Corporation's design tools, logic functions 
and other software and tools, and its AMPP partner logic 
functions, and any output files from any of the foregoing 
(including device programming or simulation files), and any 
associated documentation or information are expressly subject 
to the terms and conditions of the Altera Program License 
Subscription Agreement, the Altera Quartus Prime License Agreement,
the Altera MegaCore Function License Agreement, or other 
applicable license agreement, including, without limitation, 
that your use is for the sole purpose of programming logic 
devices manufactured by Altera and sold by Altera or its 
authorized distributors.  Please refer to the applicable 
agreement for further details.



+----------------------------------------------------------------------------------+
; Analysis & Synthesis Summary                                                     ;
+------------------------------------+---------------------------------------------+
; Analysis & Synthesis Status        ; Successful - Wed Oct 03 13:02:30 2018       ;
; Quartus Prime Version              ; 16.0.0 Build 211 04/27/2016 SJ Lite Edition ;
; Revision Name                      ; relogio                                     ;
; Top-level Entity Name              ; diagrama_de_blocos_relogio                  ;
; Family                             ; Cyclone IV E                                ;
; Total logic elements               ; 130                                         ;
;     Total combinational functions  ; 107                                         ;
;     Dedicated logic registers      ; 39                                          ;
; Total registers                    ; 39                                          ;
; Total pins                         ; 114                                         ;
; Total virtual pins                 ; 0                                           ;
; Total memory bits                  ; 0                                           ;
; Embedded Multiplier 9-bit elements ; 0                                           ;
; Total PLLs                         ; 0                                           ;
+------------------------------------+---------------------------------------------+


+------------------------------------------------------------------------------------------------------------------------------+
; Analysis & Synthesis Settings                                                                                                ;
+----------------------------------------------------------------------------+----------------------------+--------------------+
; Option                                                                     ; Setting                    ; Default Value      ;
+----------------------------------------------------------------------------+----------------------------+--------------------+
; Device                                                                     ; EP4CE115F29C8              ;                    ;
; Top-level entity name                                                      ; diagrama_de_blocos_relogio ; relogio            ;
; Family name                                                                ; Cyclone IV E               ; Cyclone V          ;
; VHDL Show LMF Mapping Messages                                             ; Off                        ;                    ;
; VHDL Version                                                               ; VHDL_2008                  ; VHDL_1993          ;
; Use smart compilation                                                      ; Off                        ; Off                ;
; Enable parallel Assembler and TimeQuest Timing Analyzer during compilation ; On                         ; On                 ;
; Enable compact report table                                                ; Off                        ; Off                ;
; Restructure Multiplexers                                                   ; Auto                       ; Auto               ;
; Create Debugging Nodes for IP Cores                                        ; Off                        ; Off                ;
; Preserve fewer node names                                                  ; On                         ; On                 ;
; Disable OpenCore Plus hardware evaluation                                  ; Off                        ; Off                ;
; Verilog Version                                                            ; Verilog_2001               ; Verilog_2001       ;
; State Machine Processing                                                   ; Auto                       ; Auto               ;
; Safe State Machine                                                         ; Off                        ; Off                ;
; Extract Verilog State Machines                                             ; On                         ; On                 ;
; Extract VHDL State Machines                                                ; On                         ; On                 ;
; Ignore Verilog initial constructs                                          ; Off                        ; Off                ;
; Iteration limit for constant Verilog loops                                 ; 5000                       ; 5000               ;
; Iteration limit for non-constant Verilog loops                             ; 250                        ; 250                ;
; Add Pass-Through Logic to Inferred RAMs                                    ; On                         ; On                 ;
; Infer RAMs from Raw Logic                                                  ; On                         ; On                 ;
; Parallel Synthesis                                                         ; On                         ; On                 ;
; DSP Block Balancing                                                        ; Auto                       ; Auto               ;
; NOT Gate Push-Back                                                         ; On                         ; On                 ;
; Power-Up Don't Care                                                        ; On                         ; On                 ;
; Remove Redundant Logic Cells                                               ; Off                        ; Off                ;
; Remove Duplicate Registers                                                 ; On                         ; On                 ;
; Ignore CARRY Buffers                                                       ; Off                        ; Off                ;
; Ignore CASCADE Buffers                                                     ; Off                        ; Off                ;
; Ignore GLOBAL Buffers                                                      ; Off                        ; Off                ;
; Ignore ROW GLOBAL Buffers                                                  ; Off                        ; Off                ;
; Ignore LCELL Buffers                                                       ; Off                        ; Off                ;
; Ignore SOFT Buffers                                                        ; On                         ; On                 ;
; Limit AHDL Integers to 32 Bits                                             ; Off                        ; Off                ;
; Optimization Technique                                                     ; Balanced                   ; Balanced           ;
; Carry Chain Length                                                         ; 70                         ; 70                 ;
; Auto Carry Chains                                                          ; On                         ; On                 ;
; Auto Open-Drain Pins                                                       ; On                         ; On                 ;
; Perform WYSIWYG Primitive Resynthesis                                      ; Off                        ; Off                ;
; Auto ROM Replacement                                                       ; On                         ; On                 ;
; Auto RAM Replacement                                                       ; On                         ; On                 ;
; Auto DSP Block Replacement                                                 ; On                         ; On                 ;
; Auto Shift Register Replacement                                            ; Auto                       ; Auto               ;
; Allow Shift Register Merging across Hierarchies                            ; Auto                       ; Auto               ;
; Auto Clock Enable Replacement                                              ; On                         ; On                 ;
; Strict RAM Replacement                                                     ; Off                        ; Off                ;
; Allow Synchronous Control Signals                                          ; On                         ; On                 ;
; Force Use of Synchronous Clear Signals                                     ; Off                        ; Off                ;
; Auto RAM Block Balancing                                                   ; On                         ; On                 ;
; Auto RAM to Logic Cell Conversion                                          ; Off                        ; Off                ;
; Auto Resource Sharing                                                      ; Off                        ; Off                ;
; Allow Any RAM Size For Recognition                                         ; Off                        ; Off                ;
; Allow Any ROM Size For Recognition                                         ; Off                        ; Off                ;
; Allow Any Shift Register Size For Recognition                              ; Off                        ; Off                ;
; Use LogicLock Constraints during Resource Balancing                        ; On                         ; On                 ;
; Ignore translate_off and synthesis_off directives                          ; Off                        ; Off                ;
; Timing-Driven Synthesis                                                    ; On                         ; On                 ;
; Report Parameter Settings                                                  ; On                         ; On                 ;
; Report Source Assignments                                                  ; On                         ; On                 ;
; Report Connectivity Checks                                                 ; On                         ; On                 ;
; Ignore Maximum Fan-Out Assignments                                         ; Off                        ; Off                ;
; Synchronization Register Chain Length                                      ; 2                          ; 2                  ;
; PowerPlay Power Optimization During Synthesis                              ; Normal compilation         ; Normal compilation ;
; HDL message level                                                          ; Level2                     ; Level2             ;
; Suppress Register Optimization Related Messages                            ; Off                        ; Off                ;
; Number of Removed Registers Reported in Synthesis Report                   ; 5000                       ; 5000               ;
; Number of Swept Nodes Reported in Synthesis Report                         ; 5000                       ; 5000               ;
; Number of Inverted Registers Reported in Synthesis Report                  ; 100                        ; 100                ;
; Clock MUX Protection                                                       ; On                         ; On                 ;
; Auto Gated Clock Conversion                                                ; Off                        ; Off                ;
; Block Design Naming                                                        ; Auto                       ; Auto               ;
; SDC constraint protection                                                  ; Off                        ; Off                ;
; Synthesis Effort                                                           ; Auto                       ; Auto               ;
; Shift Register Replacement - Allow Asynchronous Clear Signal               ; On                         ; On                 ;
; Pre-Mapping Resynthesis Optimization                                       ; Off                        ; Off                ;
; Analysis & Synthesis Message Level                                         ; Medium                     ; Medium             ;
; Disable Register Merging Across Hierarchies                                ; Auto                       ; Auto               ;
; Resource Aware Inference For Block RAM                                     ; On                         ; On                 ;
; Synthesis Seed                                                             ; 1                          ; 1                  ;
+----------------------------------------------------------------------------+----------------------------+--------------------+


+------------------------------------------+
; Parallel Compilation                     ;
+----------------------------+-------------+
; Processors                 ; Number      ;
+----------------------------+-------------+
; Number detected on machine ; 4           ;
; Maximum allowed            ; 2           ;
;                            ;             ;
; Average used               ; 1.00        ;
; Maximum used               ; 2           ;
;                            ;             ;
; Usage by Processor         ; % Time Used ;
;     Processor 1            ; 100.0%      ;
;     Processor 2            ;   0.0%      ;
+----------------------------+-------------+


+---------------------------------------------------------------------------------------------------------------------------------------------------------------------------------------------+
; Analysis & Synthesis Source Files Read                                                                                                                                                      ;
+----------------------------------------+-----------------+------------------------------------------+-----------------------------------------------------------------------------+---------+
; File Name with User-Entered Path       ; Used in Netlist ; File Type                                ; File Name with Absolute Path                                                ; Library ;
+----------------------------------------+-----------------+------------------------------------------+-----------------------------------------------------------------------------+---------+
; divisorGenerico.vhd                    ; yes             ; User VHDL File                           ; C:/Users/user/Documents/GitHub/Clock_descomp/divisorGenerico.vhd            ;         ;
; ../descomp/relogio/mux.vhd             ; yes             ; User VHDL File                           ; C:/Users/user/Documents/GitHub/descomp/relogio/mux.vhd                      ;         ;
; ../descomp/ula/comp.vhd                ; yes             ; User VHDL File                           ; C:/Users/user/Documents/GitHub/descomp/ula/comp.vhd                         ;         ;
; ../descomp/fsm_relogio/fsm_relogio.vhd ; yes             ; User VHDL File                           ; C:/Users/user/Documents/GitHub/descomp/fsm_relogio/fsm_relogio.vhd          ;         ;
; ../descomp/demux/demux.vhd             ; yes             ; User VHDL File                           ; C:/Users/user/Documents/GitHub/descomp/demux/demux.vhd                      ;         ;
; diagrama_de_blocos_relogio.bdf         ; yes             ; Auto-Found Block Diagram/Schematic File  ; C:/Users/user/Documents/GitHub/Clock_descomp/diagrama_de_blocos_relogio.bdf ;         ;
; registrador.vhd                        ; yes             ; Auto-Found VHDL File                     ; C:/Users/user/Documents/GitHub/Clock_descomp/registrador.vhd                ;         ;
; ula.vhd                                ; yes             ; Auto-Found VHDL File                     ; C:/Users/user/Documents/GitHub/Clock_descomp/ula.vhd                        ;         ;
; conversorhex7seg.vhd                   ; yes             ; Auto-Found VHDL File                     ; C:/Users/user/Documents/GitHub/Clock_descomp/conversorhex7seg.vhd           ;         ;
+----------------------------------------+-----------------+------------------------------------------+-----------------------------------------------------------------------------+---------+


+--------------------------------------------------------------+
; Analysis & Synthesis Resource Usage Summary                  ;
+---------------------------------------------+----------------+
; Resource                                    ; Usage          ;
+---------------------------------------------+----------------+
; Estimated Total logic elements              ; 130            ;
;                                             ;                ;
; Total combinational functions               ; 107            ;
; Logic element usage by number of LUT inputs ;                ;
;     -- 4 input functions                    ; 80             ;
;     -- 3 input functions                    ; 15             ;
;     -- <=2 input functions                  ; 12             ;
;                                             ;                ;
; Logic elements by mode                      ;                ;
;     -- normal mode                          ; 103            ;
;     -- arithmetic mode                      ; 4              ;
;                                             ;                ;
; Total registers                             ; 39             ;
;     -- Dedicated logic registers            ; 39             ;
;     -- I/O registers                        ; 0              ;
;                                             ;                ;
; I/O pins                                    ; 114            ;
;                                             ;                ;
; Embedded Multiplier 9-bit elements          ; 0              ;
;                                             ;                ;
; Maximum fan-out node                        ; CLOCK_50~input ;
; Maximum fan-out                             ; 39             ;
; Total fan-out                               ; 701            ;
; Average fan-out                             ; 1.87           ;
+---------------------------------------------+----------------+


+------------------------------------------------------------------------------------------------------------------------------------------------------------------------------------------------------------------------------------------------------------------+
; Analysis & Synthesis Resource Utilization by Entity                                                                                                                                                                                                              ;
+-----------------------------------------+-------------------+--------------+-------------+--------------+---------+-----------+------+--------------+----------------------------------------------------------------+----------------------------+--------------+
; Compilation Hierarchy Node              ; LC Combinationals ; LC Registers ; Memory Bits ; DSP Elements ; DSP 9x9 ; DSP 18x18 ; Pins ; Virtual Pins ; Full Hierarchy Name                                            ; Entity Name                ; Library Name ;
+-----------------------------------------+-------------------+--------------+-------------+--------------+---------+-----------+------+--------------+----------------------------------------------------------------+----------------------------+--------------+
; |diagrama_de_blocos_relogio             ; 107 (0)           ; 39 (0)       ; 0           ; 0            ; 0       ; 0         ; 114  ; 0            ; |diagrama_de_blocos_relogio                                    ; diagrama_de_blocos_relogio ; work         ;
;    |comp:comp_DH|                       ; 1 (1)             ; 0 (0)        ; 0           ; 0            ; 0       ; 0         ; 0    ; 0            ; |diagrama_de_blocos_relogio|comp:comp_DH                       ; comp                       ; work         ;
;    |comp:comp_UH|                       ; 1 (1)             ; 0 (0)        ; 0           ; 0            ; 0       ; 0         ; 0    ; 0            ; |diagrama_de_blocos_relogio|comp:comp_UH                       ; comp                       ; work         ;
;    |comp:comp_UM|                       ; 1 (1)             ; 0 (0)        ; 0           ; 0            ; 0       ; 0         ; 0    ; 0            ; |diagrama_de_blocos_relogio|comp:comp_UM                       ; comp                       ; work         ;
;    |comp:comp_US|                       ; 1 (1)             ; 0 (0)        ; 0           ; 0            ; 0       ; 0         ; 0    ; 0            ; |diagrama_de_blocos_relogio|comp:comp_US                       ; comp                       ; work         ;
;    |conversorHex7Seg:conversor_7Seg_DH| ; 7 (7)             ; 0 (0)        ; 0           ; 0            ; 0       ; 0         ; 0    ; 0            ; |diagrama_de_blocos_relogio|conversorHex7Seg:conversor_7Seg_DH ; conversorHex7Seg           ; work         ;
;    |conversorHex7Seg:conversor_7Seg_DM| ; 8 (8)             ; 0 (0)        ; 0           ; 0            ; 0       ; 0         ; 0    ; 0            ; |diagrama_de_blocos_relogio|conversorHex7Seg:conversor_7Seg_DM ; conversorHex7Seg           ; work         ;
;    |conversorHex7Seg:conversor_7Seg_DS| ; 8 (8)             ; 0 (0)        ; 0           ; 0            ; 0       ; 0         ; 0    ; 0            ; |diagrama_de_blocos_relogio|conversorHex7Seg:conversor_7Seg_DS ; conversorHex7Seg           ; work         ;
;    |conversorHex7Seg:conversor_7Seg_UH| ; 7 (7)             ; 0 (0)        ; 0           ; 0            ; 0       ; 0         ; 0    ; 0            ; |diagrama_de_blocos_relogio|conversorHex7Seg:conversor_7Seg_UH ; conversorHex7Seg           ; work         ;
;    |conversorHex7Seg:conversor_7Seg_UM| ; 7 (7)             ; 0 (0)        ; 0           ; 0            ; 0       ; 0         ; 0    ; 0            ; |diagrama_de_blocos_relogio|conversorHex7Seg:conversor_7Seg_UM ; conversorHex7Seg           ; work         ;
;    |conversorHex7Seg:conversor_7Seg_US| ; 7 (7)             ; 0 (0)        ; 0           ; 0            ; 0       ; 0         ; 0    ; 0            ; |diagrama_de_blocos_relogio|conversorHex7Seg:conversor_7Seg_US ; conversorHex7Seg           ; work         ;
;    |demux:demux_reg_enable|             ; 7 (7)             ; 0 (0)        ; 0           ; 0            ; 0       ; 0         ; 0    ; 0            ; |diagrama_de_blocos_relogio|demux:demux_reg_enable             ; demux                      ; work         ;
;    |divisorGenerico:inst8|              ; 3 (3)             ; 3 (3)        ; 0           ; 0            ; 0       ; 0         ; 0    ; 0            ; |diagrama_de_blocos_relogio|divisorGenerico:inst8              ; divisorGenerico            ; work         ;
;    |fsm_relogio:ROM|                    ; 20 (20)           ; 12 (12)      ; 0           ; 0            ; 0       ; 0         ; 0    ; 0            ; |diagrama_de_blocos_relogio|fsm_relogio:ROM                    ; fsm_relogio                ; work         ;
;    |mux_6x1:mux_das_constantes|         ; 4 (4)             ; 0 (0)        ; 0           ; 0            ; 0       ; 0         ; 0    ; 0            ; |diagrama_de_blocos_relogio|mux_6x1:mux_das_constantes         ; mux_6x1                    ; work         ;
;    |mux_6x1:mux_dos_registradores|      ; 16 (16)           ; 0 (0)        ; 0           ; 0            ; 0       ; 0         ; 0    ; 0            ; |diagrama_de_blocos_relogio|mux_6x1:mux_dos_registradores      ; mux_6x1                    ; work         ;
;    |registrador:DH|                     ; 0 (0)             ; 4 (4)        ; 0           ; 0            ; 0       ; 0         ; 0    ; 0            ; |diagrama_de_blocos_relogio|registrador:DH                     ; registrador                ; work         ;
;    |registrador:DM|                     ; 0 (0)             ; 4 (4)        ; 0           ; 0            ; 0       ; 0         ; 0    ; 0            ; |diagrama_de_blocos_relogio|registrador:DM                     ; registrador                ; work         ;
;    |registrador:DS|                     ; 0 (0)             ; 4 (4)        ; 0           ; 0            ; 0       ; 0         ; 0    ; 0            ; |diagrama_de_blocos_relogio|registrador:DS                     ; registrador                ; work         ;
;    |registrador:UH|                     ; 0 (0)             ; 4 (4)        ; 0           ; 0            ; 0       ; 0         ; 0    ; 0            ; |diagrama_de_blocos_relogio|registrador:UH                     ; registrador                ; work         ;
;    |registrador:UM|                     ; 0 (0)             ; 4 (4)        ; 0           ; 0            ; 0       ; 0         ; 0    ; 0            ; |diagrama_de_blocos_relogio|registrador:UM                     ; registrador                ; work         ;
;    |registrador:US|                     ; 0 (0)             ; 4 (4)        ; 0           ; 0            ; 0       ; 0         ; 0    ; 0            ; |diagrama_de_blocos_relogio|registrador:US                     ; registrador                ; work         ;
;    |ula:inst|                           ; 9 (9)             ; 0 (0)        ; 0           ; 0            ; 0       ; 0         ; 0    ; 0            ; |diagrama_de_blocos_relogio|ula:inst                           ; ula                        ; work         ;
+-----------------------------------------+-------------------+--------------+-------------+--------------+---------+-----------+------+--------------+----------------------------------------------------------------+----------------------------+--------------+
Note: For table entries with two numbers listed, the numbers in parentheses indicate the number of resources of the given type used by the specific entity alone. The numbers listed outside of parentheses indicate the total resources of the given type used by the specific entity and all of its sub-entities in the hierarchy.


Encoding Type:  One-Hot
+-----------------------------------------------------------------------------------------------------------------------------------------------------------------------------------------------------------------------------------------------------------------------------------------------------------------------------------------------+
; State Machine - |diagrama_de_blocos_relogio|fsm_relogio:ROM|fstate                                                                                                                                                                                                                                                                            ;
+-------------------------------+----------------+-------------------------------+------------------------------+-------------------+----------------+-------------------------------+------------------------------+---------------------+----------------+------------------------------+------------------------------+----------------------+
; Name                          ; fstate.zera_DH ; fstate.incrementa_DH_parte_II ; fstate.incrementa_DH_parte_I ; fstate.conta_hora ; fstate.zera_DM ; fstate.incrementa_DM_parte_II ; fstate.incrementa_DM_parte_I ; fstate.conta_minuto ; fstate.zera_DS ; fstate.incrementa_DS_parteII ; fstate.Incrementa_DS_parte_I ; fstate.conta_segundo ;
+-------------------------------+----------------+-------------------------------+------------------------------+-------------------+----------------+-------------------------------+------------------------------+---------------------+----------------+------------------------------+------------------------------+----------------------+
; fstate.conta_segundo          ; 0              ; 0                             ; 0                            ; 0                 ; 0              ; 0                             ; 0                            ; 0                   ; 0              ; 0                            ; 0                            ; 0                    ;
; fstate.Incrementa_DS_parte_I  ; 0              ; 0                             ; 0                            ; 0                 ; 0              ; 0                             ; 0                            ; 0                   ; 0              ; 0                            ; 1                            ; 1                    ;
; fstate.incrementa_DS_parteII  ; 0              ; 0                             ; 0                            ; 0                 ; 0              ; 0                             ; 0                            ; 0                   ; 0              ; 1                            ; 0                            ; 1                    ;
; fstate.zera_DS                ; 0              ; 0                             ; 0                            ; 0                 ; 0              ; 0                             ; 0                            ; 0                   ; 1              ; 0                            ; 0                            ; 1                    ;
; fstate.conta_minuto           ; 0              ; 0                             ; 0                            ; 0                 ; 0              ; 0                             ; 0                            ; 1                   ; 0              ; 0                            ; 0                            ; 1                    ;
; fstate.incrementa_DM_parte_I  ; 0              ; 0                             ; 0                            ; 0                 ; 0              ; 0                             ; 1                            ; 0                   ; 0              ; 0                            ; 0                            ; 1                    ;
; fstate.incrementa_DM_parte_II ; 0              ; 0                             ; 0                            ; 0                 ; 0              ; 1                             ; 0                            ; 0                   ; 0              ; 0                            ; 0                            ; 1                    ;
; fstate.zera_DM                ; 0              ; 0                             ; 0                            ; 0                 ; 1              ; 0                             ; 0                            ; 0                   ; 0              ; 0                            ; 0                            ; 1                    ;
; fstate.conta_hora             ; 0              ; 0                             ; 0                            ; 1                 ; 0              ; 0                             ; 0                            ; 0                   ; 0              ; 0                            ; 0                            ; 1                    ;
; fstate.incrementa_DH_parte_I  ; 0              ; 0                             ; 1                            ; 0                 ; 0              ; 0                             ; 0                            ; 0                   ; 0              ; 0                            ; 0                            ; 1                    ;
; fstate.incrementa_DH_parte_II ; 0              ; 1                             ; 0                            ; 0                 ; 0              ; 0                             ; 0                            ; 0                   ; 0              ; 0                            ; 0                            ; 1                    ;
; fstate.zera_DH                ; 1              ; 0                             ; 0                            ; 0                 ; 0              ; 0                             ; 0                            ; 0                   ; 0              ; 0                            ; 0                            ; 1                    ;
+-------------------------------+----------------+-------------------------------+------------------------------+-------------------+----------------+-------------------------------+------------------------------+---------------------+----------------+------------------------------+------------------------------+----------------------+


+------------------------------------------------------+
; General Register Statistics                          ;
+----------------------------------------------+-------+
; Statistic                                    ; Value ;
+----------------------------------------------+-------+
; Total registers                              ; 39    ;
; Number of registers using Synchronous Clear  ; 0     ;
; Number of registers using Synchronous Load   ; 0     ;
; Number of registers using Asynchronous Clear ; 0     ;
; Number of registers using Asynchronous Load  ; 0     ;
; Number of registers using Clock Enable       ; 24    ;
; Number of registers using Preset             ; 0     ;
+----------------------------------------------+-------+


+------------------------------------------------------------------------------------------------------------------------------------------------------------------------------+
; Multiplexer Restructuring Statistics (Restructuring Performed)                                                                                                               ;
+--------------------+-----------+---------------+----------------------+------------------------+------------+----------------------------------------------------------------+
; Multiplexer Inputs ; Bus Width ; Baseline Area ; Area if Restructured ; Saving if Restructured ; Registered ; Example Multiplexer Output                                     ;
+--------------------+-----------+---------------+----------------------+------------------------+------------+----------------------------------------------------------------+
; 8:1                ; 4 bits    ; 20 LEs        ; 16 LEs               ; 4 LEs                  ; No         ; |diagrama_de_blocos_relogio|mux_6x1:mux_dos_registradores|Mux2 ;
+--------------------+-----------+---------------+----------------------+------------------------+------------+----------------------------------------------------------------+


+--------------------------------------------------------------------+
; Parameter Settings for User Entity Instance: divisorGenerico:inst8 ;
+----------------+-------+-------------------------------------------+
; Parameter Name ; Value ; Type                                      ;
+----------------+-------+-------------------------------------------+
; divisor        ; 2     ; Signed Integer                            ;
+----------------+-------+-------------------------------------------+
Note: In order to hide this table in the UI and the text report file, please set the "Show Parameter Settings in Synthesis Report" option in "Analysis and Synthesis Settings -> More Settings" to "Off".


+-----------------------------------------------------+
; Post-Synthesis Netlist Statistics for Top Partition ;
+-----------------------+-----------------------------+
; Type                  ; Count                       ;
+-----------------------+-----------------------------+
; boundary_port         ; 114                         ;
; cycloneiii_ff         ; 39                          ;
;     ENA               ; 24                          ;
;     plain             ; 15                          ;
; cycloneiii_lcell_comb ; 117                         ;
;     arith             ; 4                           ;
;         2 data inputs ; 1                           ;
;         3 data inputs ; 3                           ;
;     normal            ; 113                         ;
;         0 data inputs ; 2                           ;
;         1 data inputs ; 8                           ;
;         2 data inputs ; 11                          ;
;         3 data inputs ; 12                          ;
;         4 data inputs ; 80                          ;
;                       ;                             ;
; Max LUT depth         ; 6.30                        ;
; Average LUT depth     ; 3.10                        ;
+-----------------------+-----------------------------+


+-------------------------------+
; Elapsed Time Per Partition    ;
+----------------+--------------+
; Partition Name ; Elapsed Time ;
+----------------+--------------+
; Top            ; 00:00:01     ;
+----------------+--------------+


+-------------------------------+
; Analysis & Synthesis Messages ;
+-------------------------------+
Info: *******************************************************************
Info: Running Quartus Prime Analysis & Synthesis
    Info: Version 16.0.0 Build 211 04/27/2016 SJ Lite Edition
    Info: Processing started: Wed Oct 03 13:02:07 2018
Info: Command: quartus_map --read_settings_files=on --write_settings_files=off relogio -c relogio
Warning (18236): Number of processors has not been specified which may cause overloading on shared machines.  Set the global assignment NUM_PARALLEL_PROCESSORS in your QSF to an appropriate value for best performance.
Info (20030): Parallel compilation is enabled and will use 2 of the 2 processors detected
Info (12021): Found 2 design units, including 1 entities, in source file divisorgenerico.vhd
    Info (12022): Found design unit 1: divisorGenerico-divInteiro File: C:/Users/user/Documents/GitHub/Clock_descomp/divisorGenerico.vhd Line: 16
    Info (12023): Found entity 1: divisorGenerico File: C:/Users/user/Documents/GitHub/Clock_descomp/divisorGenerico.vhd Line: 5
Info (12021): Found 2 design units, including 1 entities, in source file /users/user/documents/github/descomp/relogio/mux.vhd
    Info (12022): Found design unit 1: mux_6x1-mux_arch File: C:/Users/user/Documents/GitHub/descomp/relogio/mux.vhd Line: 10
    Info (12023): Found entity 1: mux_6x1 File: C:/Users/user/Documents/GitHub/descomp/relogio/mux.vhd Line: 4
Info (12021): Found 2 design units, including 1 entities, in source file /users/user/documents/github/descomp/ula/comp.vhd
    Info (12022): Found design unit 1: comp-comp File: C:/Users/user/Documents/GitHub/descomp/ula/comp.vhd Line: 13
    Info (12023): Found entity 1: comp File: C:/Users/user/Documents/GitHub/descomp/ula/comp.vhd Line: 5
Info (12021): Found 2 design units, including 1 entities, in source file /users/user/documents/github/descomp/fsm_relogio/fsm_relogio.vhd
    Info (12022): Found design unit 1: fsm_relogio-BEHAVIOR File: C:/Users/user/Documents/GitHub/descomp/fsm_relogio/fsm_relogio.vhd Line: 42
    Info (12023): Found entity 1: fsm_relogio File: C:/Users/user/Documents/GitHub/descomp/fsm_relogio/fsm_relogio.vhd Line: 22
Info (12021): Found 2 design units, including 1 entities, in source file /users/user/documents/github/descomp/demux/demux.vhd
    Info (12022): Found design unit 1: demux-demux_arch File: C:/Users/user/Documents/GitHub/descomp/demux/demux.vhd Line: 13
    Info (12023): Found entity 1: demux File: C:/Users/user/Documents/GitHub/descomp/demux/demux.vhd Line: 4
Warning (12125): Using design file diagrama_de_blocos_relogio.bdf, which is not specified as a design file for the current project, but contains definitions for 1 design units and 1 entities in project
    Info (12023): Found entity 1: diagrama_de_blocos_relogio
Info (12127): Elaborating entity "diagrama_de_blocos_relogio" for the top level hierarchy
Warning (275011): Block or symbol "registrador" of instance "DS" overlaps another block or symbol
Warning (275011): Block or symbol "registrador" of instance "DM" overlaps another block or symbol
Warning (275002): No superset bus at connection
Info (12128): Elaborating entity "demux" for hierarchy "demux:demux_reg_enable"
Info (12128): Elaborating entity "fsm_relogio" for hierarchy "fsm_relogio:ROM"
Info (12128): Elaborating entity "comp" for hierarchy "comp:comp_US"
Warning (12125): Using design file registrador.vhd, which is not specified as a design file for the current project, but contains definitions for 2 design units and 1 entities in project
    Info (12022): Found design unit 1: registrador-reg_arch File: C:/Users/user/Documents/GitHub/Clock_descomp/registrador.vhd Line: 14
    Info (12023): Found entity 1: registrador File: C:/Users/user/Documents/GitHub/Clock_descomp/registrador.vhd Line: 4
Info (12128): Elaborating entity "registrador" for hierarchy "registrador:US"
Warning (12125): Using design file ula.vhd, which is not specified as a design file for the current project, but contains definitions for 2 design units and 1 entities in project
    Info (12022): Found design unit 1: ula-Behavioral File: C:/Users/user/Documents/GitHub/Clock_descomp/ula.vhd Line: 14
    Info (12023): Found entity 1: ula File: C:/Users/user/Documents/GitHub/Clock_descomp/ula.vhd Line: 5
Info (12128): Elaborating entity "ula" for hierarchy "ula:inst"
Warning (10631): VHDL Process Statement warning at ula.vhd(40): inferring latch(es) for signal or variable "flag", which holds its previous value in one or more paths through the process File: C:/Users/user/Documents/GitHub/Clock_descomp/ula.vhd Line: 40
Info (10041): Inferred latch for "flag" at ula.vhd(40) File: C:/Users/user/Documents/GitHub/Clock_descomp/ula.vhd Line: 40
Info (12128): Elaborating entity "mux_6x1" for hierarchy "mux_6x1:mux_das_constantes"
Warning (10492): VHDL Process Statement warning at mux.vhd(16): signal "A" is read inside the Process Statement but isn't in the Process Statement's sensitivity list File: C:/Users/user/Documents/GitHub/descomp/relogio/mux.vhd Line: 16
Warning (10492): VHDL Process Statement warning at mux.vhd(18): signal "B" is read inside the Process Statement but isn't in the Process Statement's sensitivity list File: C:/Users/user/Documents/GitHub/descomp/relogio/mux.vhd Line: 18
Warning (10492): VHDL Process Statement warning at mux.vhd(20): signal "C" is read inside the Process Statement but isn't in the Process Statement's sensitivity list File: C:/Users/user/Documents/GitHub/descomp/relogio/mux.vhd Line: 20
Warning (10492): VHDL Process Statement warning at mux.vhd(22): signal "D" is read inside the Process Statement but isn't in the Process Statement's sensitivity list File: C:/Users/user/Documents/GitHub/descomp/relogio/mux.vhd Line: 22
Warning (10492): VHDL Process Statement warning at mux.vhd(24): signal "E" is read inside the Process Statement but isn't in the Process Statement's sensitivity list File: C:/Users/user/Documents/GitHub/descomp/relogio/mux.vhd Line: 24
Warning (10492): VHDL Process Statement warning at mux.vhd(26): signal "F" is read inside the Process Statement but isn't in the Process Statement's sensitivity list File: C:/Users/user/Documents/GitHub/descomp/relogio/mux.vhd Line: 26
Warning (10492): VHDL Process Statement warning at mux.vhd(28): signal "G" is read inside the Process Statement but isn't in the Process Statement's sensitivity list File: C:/Users/user/Documents/GitHub/descomp/relogio/mux.vhd Line: 28
Info (12128): Elaborating entity "divisorGenerico" for hierarchy "divisorGenerico:inst8"
Warning (12125): Using design file conversorhex7seg.vhd, which is not specified as a design file for the current project, but contains definitions for 2 design units and 1 entities in project
    Info (12022): Found design unit 1: conversorHex7Seg-comportamento File: C:/Users/user/Documents/GitHub/Clock_descomp/conversorhex7seg.vhd Line: 17
    Info (12023): Found entity 1: conversorHex7Seg File: C:/Users/user/Documents/GitHub/Clock_descomp/conversorhex7seg.vhd Line: 4
Info (12128): Elaborating entity "conversorHex7Seg" for hierarchy "conversorHex7Seg:conversor_7Seg_US14"
Warning (13024): Output pins are stuck at VCC or GND
    Warning (13410): Pin "HEX0[6]" is stuck at VCC
    Warning (13410): Pin "HEX0[5]" is stuck at GND
    Warning (13410): Pin "HEX0[4]" is stuck at GND
    Warning (13410): Pin "HEX0[3]" is stuck at GND
    Warning (13410): Pin "HEX0[2]" is stuck at GND
    Warning (13410): Pin "HEX0[1]" is stuck at GND
    Warning (13410): Pin "HEX0[0]" is stuck at GND
    Warning (13410): Pin "HEX1[6]" is stuck at VCC
    Warning (13410): Pin "HEX1[5]" is stuck at GND
    Warning (13410): Pin "HEX1[4]" is stuck at GND
    Warning (13410): Pin "HEX1[3]" is stuck at GND
    Warning (13410): Pin "HEX1[2]" is stuck at GND
    Warning (13410): Pin "HEX1[1]" is stuck at GND
    Warning (13410): Pin "HEX1[0]" is stuck at GND
    Warning (13410): Pin "palavra_out[12]" is stuck at GND
    Warning (13410): Pin "palavra_out[11]" is stuck at GND
    Warning (13410): Pin "palavra_out[9]" is stuck at GND
Info (286030): Timing-Driven Synthesis is running
Info (16010): Generating hard_block partition "hard_block:auto_generated_inst"
    Info (16011): Adding 0 node(s), including 0 DDIO, 0 PLL, 0 transceiver and 0 LCELL
Info (21057): Implemented 248 device resources after synthesis - the final resource count might be different
    Info (21058): Implemented 1 input pins
    Info (21059): Implemented 113 output pins
    Info (21061): Implemented 134 logic cells
Info: Quartus Prime Analysis & Synthesis was successful. 0 errors, 34 warnings
    Info: Peak virtual memory: 5032 megabytes
    Info: Processing ended: Wed Oct 03 13:02:30 2018
    Info: Elapsed time: 00:00:23
    Info: Total CPU time (on all processors): 00:00:47


