Flow report for relogio
Tue Oct 02 11:07:36 2018
Quartus Prime Version 16.0.0 Build 211 04/27/2016 SJ Lite Edition


---------------------
; Table of Contents ;
---------------------
  1. Legal Notice
  2. Flow Summary
  3. Flow Settings
  4. Flow Non-Default Global Settings
  5. Flow Elapsed Time
  6. Flow OS Summary
  7. Flow Log
  8. Flow Messages
  9. Flow Suppressed Messages



----------------
; Legal Notice ;
----------------
Copyright (C) 1991-2016 Altera Corporation. All rights reserved.
Your use of Altera Corporation's design tools, logic functions 
and other software and tools, and its AMPP partner logic 
functions, and any output files from any of the foregoing 
(including device programming or simulation files), and any 
associated documentation or information are expressly subject 
to the terms and conditions of the Altera Program License 
Subscription Agreement, the Altera Quartus Prime License Agreement,
the Altera MegaCore Function License Agreement, or other 
applicable license agreement, including, without limitation, 
that your use is for the sole purpose of programming logic 
devices manufactured by Altera and sold by Altera or its 
authorized distributors.  Please refer to the applicable 
agreement for further details.



+----------------------------------------------------------------------------------+
; Flow Summary                                                                     ;
+------------------------------------+---------------------------------------------+
; Flow Status                        ; Successful - Tue Oct 02 11:07:36 2018       ;
; Quartus Prime Version              ; 16.0.0 Build 211 04/27/2016 SJ Lite Edition ;
; Revision Name                      ; relogio                                     ;
; Top-level Entity Name              ; diagrama_de_blocos_relogio                  ;
; Family                             ; Cyclone IV E                                ;
; Total logic elements               ; 103 / 6,272 ( 2 % )                         ;
;     Total combinational functions  ; 96 / 6,272 ( 2 % )                          ;
;     Dedicated logic registers      ; 36 / 6,272 ( < 1 % )                        ;
; Total registers                    ; 36                                          ;
; Total pins                         ; 82 / 180 ( 46 % )                           ;
; Total virtual pins                 ; 0                                           ;
; Total memory bits                  ; 0 / 276,480 ( 0 % )                         ;
; Embedded Multiplier 9-bit elements ; 0 / 30 ( 0 % )                              ;
; Total PLLs                         ; 0 / 2 ( 0 % )                               ;
; Device                             ; EP4CE6F17C6                                 ;
; Timing Models                      ; Final                                       ;
+------------------------------------+---------------------------------------------+


+-----------------------------------------+
; Flow Settings                           ;
+-------------------+---------------------+
; Option            ; Setting             ;
+-------------------+---------------------+
; Start date & time ; 10/02/2018 10:48:23 ;
; Main task         ; Compilation         ;
; Revision Name     ; relogio             ;
+-------------------+---------------------+


+---------------------------------------------------------------------------------------------------------------------------------------+
; Flow Non-Default Global Settings                                                                                                      ;
+-------------------------------------+---------------------------------------+---------------+----------------------------+------------+
; Assignment Name                     ; Value                                 ; Default Value ; Entity Name                ; Section Id ;
+-------------------------------------+---------------------------------------+---------------+----------------------------+------------+
; COMPILER_SIGNATURE_ID               ; 268891677483430.153848810316076       ; --            ; --                         ; --         ;
; PARTITION_COLOR                     ; 16764057                              ; --            ; diagrama_de_blocos_relogio ; Top        ;
; PARTITION_FITTER_PRESERVATION_LEVEL ; PLACEMENT_AND_ROUTING                 ; --            ; diagrama_de_blocos_relogio ; Top        ;
; PARTITION_NETLIST_TYPE              ; SOURCE                                ; --            ; diagrama_de_blocos_relogio ; Top        ;
; POWER_BOARD_THERMAL_MODEL           ; None (CONSERVATIVE)                   ; --            ; --                         ; --         ;
; POWER_PRESET_COOLING_SOLUTION       ; 23 MM HEAT SINK WITH 200 LFPM AIRFLOW ; --            ; --                         ; --         ;
; PROJECT_OUTPUT_DIRECTORY            ; output_files                          ; --            ; --                         ; --         ;
; TOP_LEVEL_ENTITY                    ; diagrama_de_blocos_relogio            ; relogio       ; --                         ; --         ;
; VHDL_INPUT_VERSION                  ; VHDL_2008                             ; VHDL_1993     ; --                         ; --         ;
; VHDL_SHOW_LMF_MAPPING_MESSAGES      ; Off                                   ; --            ; --                         ; --         ;
+-------------------------------------+---------------------------------------+---------------+----------------------------+------------+


+-------------------------------------------------------------------------------------------------------------------------------+
; Flow Elapsed Time                                                                                                             ;
+---------------------------+--------------+-------------------------+---------------------+------------------------------------+
; Module Name               ; Elapsed Time ; Average Processors Used ; Peak Virtual Memory ; Total CPU Time (on all processors) ;
+---------------------------+--------------+-------------------------+---------------------+------------------------------------+
; Analysis & Synthesis      ; 00:00:21     ; 1.0                     ; 5025 MB             ; 00:00:45                           ;
; Fitter                    ; 00:00:10     ; 1.0                     ; 5543 MB             ; 00:00:11                           ;
; Assembler                 ; 00:00:01     ; 1.0                     ; 4902 MB             ; 00:00:01                           ;
; TimeQuest Timing Analyzer ; 00:00:04     ; 1.0                     ; 5003 MB             ; 00:00:03                           ;
; EDA Netlist Writer        ; 00:00:01     ; 1.0                     ; 4859 MB             ; 00:00:01                           ;
; EDA Netlist Writer        ; 00:00:02     ; 1.0                     ; 4868 MB             ; 00:00:01                           ;
; EDA Netlist Writer        ; 00:00:01     ; 1.0                     ; 4859 MB             ; 00:00:01                           ;
; EDA Netlist Writer        ; 00:00:01     ; 1.0                     ; 4868 MB             ; 00:00:01                           ;
; EDA Netlist Writer        ; 00:00:01     ; 1.0                     ; 4859 MB             ; 00:00:02                           ;
; EDA Netlist Writer        ; 00:00:02     ; 1.0                     ; 4868 MB             ; 00:00:03                           ;
; Total                     ; 00:00:44     ; --                      ; --                  ; 00:01:09                           ;
+---------------------------+--------------+-------------------------+---------------------+------------------------------------+


+----------------------------------------------------------------------------------------+
; Flow OS Summary                                                                        ;
+---------------------------+------------------+-----------+------------+----------------+
; Module Name               ; Machine Hostname ; OS Name   ; OS Version ; Processor type ;
+---------------------------+------------------+-----------+------------+----------------+
; Analysis & Synthesis      ; DESKTOP-68S0K5F  ; Windows 8 ; 6.2        ; x86_64         ;
; Fitter                    ; DESKTOP-68S0K5F  ; Windows 8 ; 6.2        ; x86_64         ;
; Assembler                 ; DESKTOP-68S0K5F  ; Windows 8 ; 6.2        ; x86_64         ;
; TimeQuest Timing Analyzer ; DESKTOP-68S0K5F  ; Windows 8 ; 6.2        ; x86_64         ;
; EDA Netlist Writer        ; DESKTOP-68S0K5F  ; Windows 8 ; 6.2        ; x86_64         ;
; EDA Netlist Writer        ; DESKTOP-68S0K5F  ; Windows 8 ; 6.2        ; x86_64         ;
; EDA Netlist Writer        ; DESKTOP-68S0K5F  ; Windows 8 ; 6.2        ; x86_64         ;
; EDA Netlist Writer        ; DESKTOP-68S0K5F  ; Windows 8 ; 6.2        ; x86_64         ;
; EDA Netlist Writer        ; DESKTOP-68S0K5F  ; Windows 8 ; 6.2        ; x86_64         ;
; EDA Netlist Writer        ; DESKTOP-68S0K5F  ; Windows 8 ; 6.2        ; x86_64         ;
+---------------------------+------------------+-----------+------------+----------------+


------------
; Flow Log ;
------------
quartus_map --read_settings_files=on --write_settings_files=off relogio -c relogio
quartus_fit --read_settings_files=off --write_settings_files=off relogio -c relogio
quartus_asm --read_settings_files=off --write_settings_files=off relogio -c relogio
quartus_sta relogio -c relogio
quartus_eda --gen_testbench --tool=modelsim_oem --format=verilog --write_settings_files=off relogio -c relogio --vector_source=C:/Users/user/Documents/GitHub/Clock_descomp/Waveform18.vwf --testbench_file=C:/Users/user/Documents/GitHub/Clock_descomp/simulation/qsim/Waveform18.vwf.vt
quartus_eda --write_settings_files=off --functional=on --flatten_buses=off --simulation=on --tool=modelsim_oem --format=verilog --output_directory=C:/Users/user/Documents/GitHub/Clock_descomp/simulation/qsim/ relogio -c relogio
quartus_eda --gen_testbench --tool=modelsim_oem --format=verilog --write_settings_files=off relogio -c relogio --vector_source=C:/Users/user/Documents/GitHub/Clock_descomp/Waveform18.vwf --testbench_file=C:/Users/user/Documents/GitHub/Clock_descomp/simulation/qsim/Waveform18.vwf.vt
quartus_eda --write_settings_files=off --functional=on --flatten_buses=off --simulation=on --tool=modelsim_oem --format=verilog --output_directory=C:/Users/user/Documents/GitHub/Clock_descomp/simulation/qsim/ relogio -c relogio
quartus_eda --gen_testbench --tool=modelsim_oem --format=verilog --write_settings_files=off relogio -c relogio --vector_source=C:/Users/user/Documents/GitHub/Clock_descomp/Waveform18.vwf --testbench_file=C:/Users/user/Documents/GitHub/Clock_descomp/simulation/qsim/Waveform18.vwf.vt
quartus_eda --write_settings_files=off --functional=on --flatten_buses=off --simulation=on --tool=modelsim_oem --format=verilog --output_directory=C:/Users/user/Documents/GitHub/Clock_descomp/simulation/qsim/ relogio -c relogio



